{
  "RSpec": {
    "coverage": {
      "/Users/aditya/Bootcamp/conway-ruby/lib/conway/game_controller.rb": {
        "lines": [
          1,
          1,
          1,
          5,
          5,
          null,
          null,
          1,
          5,
          5,
          5,
          1,
          1,
          1,
          1,
          null,
          null,
          null,
          null
        ]
      },
      "/Users/aditya/Bootcamp/conway-ruby/lib/conway/game_model.rb": {
        "lines": [
          1,
          null,
          1,
          1,
          1,
          null,
          1,
          18,
          18,
          18,
          null,
          null,
          1,
          16,
          16,
          16,
          16,
          16,
          13,
          null,
          16,
          16,
          16,
          16,
          16,
          null,
          null,
          1,
          367,
          15,
          15,
          15,
          15,
          15,
          352,
          11304,
          null,
          11304,
          null,
          11304,
          36,
          null,
          null,
          11304,
          null,
          null,
          15,
          15,
          null,
          null,
          1,
          16,
          null,
          null,
          1,
          16,
          16,
          35,
          null,
          16,
          null,
          null,
          1,
          11304,
          11304,
          11304,
          11304,
          null,
          null,
          1,
          15,
          15,
          15,
          15,
          null,
          null,
          1,
          null,
          null
        ]
      },
      "/Users/aditya/Bootcamp/conway-ruby/lib/conway/game_board.rb": {
        "lines": [
          1,
          1,
          1,
          null,
          1,
          18,
          412,
          null,
          null,
          1,
          16,
          35,
          95,
          null,
          null,
          null,
          null,
          1,
          11304,
          11304,
          11304,
          11304,
          11304,
          null,
          null,
          1,
          15,
          352,
          11304,
          null,
          null,
          null,
          null,
          1,
          11304,
          11304,
          11304,
          11304,
          11304,
          null,
          null,
          1,
          11304,
          11304,
          11304,
          11304,
          50,
          null,
          11304,
          null,
          null,
          1,
          11304,
          11304,
          11304,
          11304,
          null,
          null,
          1,
          86268,
          null,
          null,
          1,
          null,
          null
        ]
      },
      "/Users/aditya/Bootcamp/conway-ruby/lib/conway/game_presenter.rb": {
        "lines": [
          1,
          1,
          1,
          5,
          null,
          null,
          1,
          4,
          4,
          4,
          4,
          17,
          81,
          null,
          17,
          null,
          null,
          4,
          null,
          null,
          null
        ]
      },
      "/Users/aditya/Bootcamp/conway-ruby/lib/input/input_manager.rb": {
        "lines": [
          1,
          1,
          1,
          1,
          1,
          2,
          null,
          1,
          null,
          null,
          null
        ]
      }
    },
    "timestamp": 1603553266
  }
}
